2025-08-09T14:08:49.859Z [[32minfo[39m]: [0mPOST /api/users/register [33m404[0m 0.614 ms - 158[0m
2025-08-09T14:14:06.202Z [[32minfo[39m]: [0mPOST /api/users/register [33m404[0m 1.726 ms - 158[0m
2025-08-09T14:15:32.967Z [[32minfo[39m]: [0mPOST /api/users/register [33m400[0m 95.994 ms - 158[0m
2025-08-09T14:16:45.832Z [[32minfo[39m]: [0mPOST /api/users/register [33m400[0m 92.261 ms - 158[0m
2025-08-09T14:18:24.810Z [[32minfo[39m]: [0mPOST /api/users/register [33m400[0m 94.632 ms - 118[0m
2025-08-09T14:19:19.643Z [[32minfo[39m]: [0mPOST /api/users/register [33m400[0m 88.994 ms - 118[0m
2025-08-09T14:20:29.460Z [[32minfo[39m]: [0mPOST /api/users/register [33m400[0m 89.355 ms - 76[0m
2025-08-09T14:20:57.252Z [[32minfo[39m]: [0mPOST /api/users/register [32m201[0m 89.391 ms - 130[0m
2025-08-09T14:21:46.718Z [[32minfo[39m]: [0mPOST /api/users/register [33m400[0m 11.292 ms - 38[0m
2025-08-09T14:21:53.841Z [[32minfo[39m]: [0mPOST /api/users/register [33m400[0m 102.645 ms - 119[0m
2025-08-09T14:22:02.848Z [[32minfo[39m]: [0mPOST /api/users/register [32m201[0m 96.697 ms - 42[0m
2025-08-09T14:25:14.809Z [[32minfo[39m]: [0mPOST /api/users/register [31m500[0m 6.814 ms - 221[0m
2025-08-09T14:25:47.437Z [[32minfo[39m]: [0mPOST /api/users/register [32m201[0m 96.646 ms - 42[0m
2025-08-09T15:44:28.086Z [[32minfo[39m]: [0mPOST /api/upload [33m404[0m 2.081 ms - 150[0m
2025-08-09T15:44:57.576Z [[32minfo[39m]: [0mPOST /api/uploads [33m404[0m 0.753 ms - 151[0m
2025-08-09T15:47:05.039Z [[32minfo[39m]: [0mPOST /api/upload [33m400[0m 3.762 ms - 30[0m
2025-08-09T16:20:03.518Z [[32minfo[39m]: [0mPOST /api/users/register [33m400[0m 22.136 ms - 38[0m
2025-08-09T16:20:06.972Z [[32minfo[39m]: [0mPOST /api/users/register [33m400[0m 6.058 ms - 38[0m
2025-08-09T16:20:11.201Z [[32minfo[39m]: [0mPOST /api/users/register [33m400[0m 5.734 ms - 38[0m
2025-08-09T16:20:12.453Z [[32minfo[39m]: [0mPOST /api/users/register [33m400[0m 5.353 ms - 38[0m
2025-08-09T16:20:13.411Z [[32minfo[39m]: [0mPOST /api/users/register [33m400[0m 5.400 ms - 38[0m
2025-08-09T16:20:14.454Z [[32minfo[39m]: [0mPOST /api/users/register [33m400[0m 4.969 ms - 38[0m
2025-08-09T16:25:50.187Z [[32minfo[39m]: [0mPOST /api/users/register [33m404[0m 2.478 ms - 158[0m
2025-08-10T04:27:09.037Z [[32minfo[39m]: [0mPOST /api/v1/users/register [33m404[0m 2.560 ms - 161[0m
2025-08-10T04:27:16.020Z [[32minfo[39m]: [0mPOST /api/v1/users/register [33m404[0m 0.944 ms - 161[0m
2025-08-10T04:28:27.845Z [[32minfo[39m]: [0mPOST /api/v1/users/register [33m404[0m 0.708 ms - 161[0m
2025-08-10T04:28:29.249Z [[32minfo[39m]: [0mPOST /api/v1/users/register [33m404[0m 0.557 ms - 161[0m
2025-08-10T04:28:30.128Z [[32minfo[39m]: [0mPOST /api/v1/users/register [33m404[0m 0.511 ms - 161[0m
2025-08-10T04:28:31.220Z [[32minfo[39m]: [0mPOST /api/v1/users/register [33m404[0m 0.884 ms - 161[0m
2025-08-10T04:28:32.311Z [[32minfo[39m]: [0mPOST /api/v1/users/register [33m404[0m 0.846 ms - 161[0m
2025-08-10T04:28:33.246Z [[32minfo[39m]: [0mPOST /api/v1/users/register [33m404[0m 0.520 ms - 161[0m
2025-08-10T04:35:02.412Z [[32minfo[39m]: [0mPOST /api/v1/users/register [33m404[0m 3.081 ms - 161[0m
2025-08-10T04:39:22.676Z [[32minfo[39m]: [0mPOST /api/v1/users/register [33m400[0m 26.020 ms - 38[0m
2025-08-10T04:53:34.873Z [[32minfo[39m]: [0mPOST /api/v1/uploads/profilePhotos [31m500[0m 8.065 ms - 1311[0m
2025-08-10T04:57:24.780Z [[32minfo[39m]: [0mPOST /api/v1/uploads/profilePhotos [33m400[0m 6.659 ms - 30[0m
2025-08-10T04:57:54.788Z [[32minfo[39m]: [0mPOST /api/v1/uploads/profilePhotos [33m400[0m 3.521 ms - 30[0m
2025-08-10T05:00:40.352Z [[32minfo[39m]: [0mPOST /api/v1/uploads/profilePhotos [33m400[0m 2.848 ms - 30[0m
2025-08-10T05:01:49.491Z [[32minfo[39m]: [0mPOST /api/v1/uploads/profilePhotos [33m400[0m 7.919 ms - 30[0m
2025-08-10T05:02:11.019Z [[32minfo[39m]: [0mPOST /api/v1/uploads/profilePhotos [33m400[0m 14.358 ms - 30[0m
2025-08-10T05:03:12.860Z [[32minfo[39m]: [0mPOST /api/v1/uploads/profilePhotos [33m400[0m 9.656 ms - 30[0m
2025-08-10T05:05:13.744Z [[32minfo[39m]: [0mPOST /api/v1/uploads/profilePhotos [33m400[0m 9.964 ms - 30[0m
2025-08-10T05:06:15.731Z [[32minfo[39m]: [0mPOST /api/v1/uploads/profilePhotos [33m400[0m 9.216 ms - 30[0m
2025-08-10T05:08:18.386Z [[32minfo[39m]: [0mPOST /api/v1/uploads/profilePhotos [31m500[0m 1951.941 ms - 80[0m
2025-08-10T05:11:17.796Z [[32minfo[39m]: [0mPOST /api/v1/uploads/profilePhotos [32m201[0m 1567.996 ms - 161[0m
2025-08-10T05:29:07.027Z [[32minfo[39m]: [0mPOST /api/v1/users/register [33m400[0m 2.709 ms - 87[0m
2025-08-10T05:30:35.386Z [[32minfo[39m]: [0mPOST /api/v1/users/register [33m400[0m 2.576 ms - 87[0m
2025-08-10T05:32:36.647Z [[32minfo[39m]: [0mPOST /api/v1/users/register [33m400[0m 2.710 ms - 87[0m
2025-08-10T05:33:09.553Z [[32minfo[39m]: [0mPOST /api/v1/users/register [33m400[0m 2.853 ms - 87[0m
2025-08-10T05:34:08.719Z [[32minfo[39m]: [0mPOST /api/v1/users/register [33m400[0m 6.254 ms - 46[0m
2025-08-10T05:35:11.774Z [[32minfo[39m]: [0mPOST /api/v1/users/register [33m400[0m 98.037 ms - 76[0m
2025-08-10T05:37:21.381Z [[32minfo[39m]: [0mPOST /api/v1/users/register [32m201[0m 98.518 ms - 42[0m
2025-08-10T05:38:57.231Z [[32minfo[39m]: [0mPOST /api/v1/users/register [33m400[0m 5.152 ms - 38[0m
2025-08-10T05:40:27.109Z [[32minfo[39m]: [0mPOST /api/v1/users/register [32m201[0m 84.891 ms - 42[0m
2025-08-10T05:40:30.634Z [[32minfo[39m]: [0mPOST /api/v1/users/register [33m400[0m 5.408 ms - 38[0m
2025-08-10T05:44:27.653Z [[32minfo[39m]: [0mPOST /api/v1/users/register [32m201[0m 11.010 ms - 42[0m
2025-08-10T05:46:54.740Z [[32minfo[39m]: [0mPOST /api/v1/users/register [32m201[0m 10.872 ms - 42[0m
2025-08-10T05:48:49.454Z [[32minfo[39m]: [0mPOST /api/v1/users/register [32m201[0m 96.023 ms - 42[0m
2025-08-10T05:51:16.274Z [[32minfo[39m]: [0mPOST /api/v1/users/register [33m400[0m 11.618 ms - 55[0m
2025-08-10T05:52:05.849Z [[32minfo[39m]: [0mPOST /api/v1/users/register [33m400[0m 3.173 ms - 38[0m
2025-08-10T05:55:22.929Z [[32minfo[39m]: [0mPOST /api/v1/users/register [33m400[0m 93.465 ms - 55[0m
2025-08-10T05:56:51.754Z [[32minfo[39m]: [0mPOST /api/v1/users/register [32m201[0m 11.815 ms - 55[0m
2025-08-10T06:15:19.264Z [[32minfo[39m]: [0mPOST /api/v1/users/register [33m400[0m 1.592 ms - 39[0m
2025-08-10T06:15:57.945Z [[32minfo[39m]: [0mPOST /api/v1/users/register [32m201[0m 16.218 ms - 43[0m
2025-08-10T06:16:33.821Z [[32minfo[39m]: [0mPOST /api/v1/uploads/profilePhotos [32m201[0m 2544.257 ms - 161[0m
2025-08-10T06:17:06.429Z [[32minfo[39m]: [0mPOST /api/v1/users/register [33m400[0m 11.311 ms - 172[0m
2025-08-10T06:17:26.734Z [[32minfo[39m]: [0mPOST /api/v1/users/register [33m400[0m 0.293 ms - 45[0m
2025-08-10T06:17:56.411Z [[32minfo[39m]: [0mPOST /api/v1/users/register [33m400[0m 3.192 ms - 35[0m
2025-08-10T06:18:16.493Z [[32minfo[39m]: [0mPOST /api/v1/users/register [32m201[0m 16.369 ms - 43[0m
2025-08-10T06:19:53.995Z [[32minfo[39m]: [0mPOST /api/v1/users/register [32m201[0m 91.778 ms - 43[0m
2025-08-10T06:25:02.144Z [[32minfo[39m]: [0mPOST /api/v1/users/register [32m201[0m 4.839 ms - 43[0m
2025-08-10T06:25:27.942Z [[32minfo[39m]: [0mPOST /api/v1/users/register [32m201[0m 3.505 ms - 43[0m
2025-08-10T06:26:53.672Z [[32minfo[39m]: [0mPOST /api/v1/users/register [32m201[0m 3.625 ms - 43[0m
2025-08-10T06:28:47.439Z [[32minfo[39m]: [0mPOST /api/v1/users/register [32m201[0m 92.336 ms - 43[0m
2025-08-10T07:57:21.284Z [[32minfo[39m]: [0mPOST /api/v1/uploads/profilePhotos [32m201[0m 3126.294 ms - 161[0m
2025-08-10T08:00:41.272Z [[32minfo[39m]: [0mPOST /api/v1/uploads/profilePhotos [32m201[0m 1578.223 ms - 161[0m
2025-08-10T08:05:11.863Z [[32minfo[39m]: [0mPOST /api/v1/uploads/profilePhotos [31m500[0m 2112.289 ms - 54[0m
2025-08-10T08:05:47.649Z [[32minfo[39m]: [0mPOST /api/v1/uploads/profilePhotos [32m201[0m 1163.335 ms - 161[0m
2025-09-07T05:12:29.785Z [[32minfo[39m]: [0mGET / [33m404[0m 8.652 ms - 139[0m
2025-09-07T05:12:47.333Z [[32minfo[39m]: [0mGET /signIn [33m404[0m 1.590 ms - 145[0m
2025-09-07T05:13:23.322Z [[32minfo[39m]: [0mGET /users//register [33m404[0m 0.923 ms - 154[0m
2025-09-07T05:13:30.898Z [[32minfo[39m]: [0mPOST /users//register [33m404[0m 0.330 ms - 155[0m
2025-09-07T05:13:38.340Z [[32minfo[39m]: [0mPOST /users/register [33m404[0m 0.330 ms - 154[0m
2025-09-07T05:15:11.740Z [[32minfo[39m]: [0mPOST /api/v1/users/register [33m400[0m 2.279 ms - 87[0m
2025-09-07T05:44:32.497Z [[32minfo[39m]: [0mPOST /api/v1/users/register? [32m201[0m 72.427 ms - 43[0m
2025-09-07T05:47:22.597Z [[32minfo[39m]: [0mPOST /api/v1/users/register? [33m400[0m 2.306 ms - 87[0m
2025-09-07T05:48:31.448Z [[32minfo[39m]: [0mPOST /api/v1/upload/profile [33m404[0m 3.282 ms - 161[0m
2025-09-07T05:51:53.618Z [[32minfo[39m]: [0mPOST /api/v1/users/registe [33m404[0m 1.870 ms - 160[0m
2025-09-07T05:52:06.273Z [[32minfo[39m]: [0mPOST /api/v1/users/register [32m201[0m 14.422 ms - 43[0m
2025-09-07T05:54:23.748Z [[32minfo[39m]: [0mPOST /api/v1/uploads/profilePhotos [33m400[0m 2.064 ms - 30[0m
2025-09-07T05:54:57.866Z [[32minfo[39m]: [0mPOST /api/v1/uploads/profilePhotos [31m500[0m 253.769 ms - 50[0m
2025-09-07T05:58:20.560Z [[32minfo[39m]: [0mPOST /api/v1/uploads/profilePhotos [32m201[0m 2544.672 ms - 182[0m
2025-09-07T06:00:37.076Z [[32minfo[39m]: [0mPOST /api/v1/users/register [32m201[0m 6.470 ms - 43[0m
2025-09-07T06:01:12.268Z [[32minfo[39m]: [0mPOST /api/v1/users/register [32m201[0m 5.151 ms - 43[0m
2025-09-07T06:01:36.152Z [[32minfo[39m]: [0mPOST /api/v1/users/register [33m400[0m 46.819 ms - 172[0m
2025-09-07T06:01:41.003Z [[32minfo[39m]: [0mPOST /api/v1/users/register [32m201[0m 6.157 ms - 43[0m
2025-09-07T06:05:07.158Z [[32minfo[39m]: [0mPOST /api/v1/users/register [33m400[0m 0.937 ms - 39[0m
2025-09-07T06:05:16.971Z [[32minfo[39m]: [0mPOST /api/v1/users/register [32m201[0m 199.607 ms - 43[0m
2025-09-07T06:06:03.430Z [[32minfo[39m]: [0mPOST /api/v1/users/register [32m201[0m 148.329 ms - 43[0m
2025-09-07T06:06:44.268Z [[32minfo[39m]: [0mPOST /api/v1/users/register [32m201[0m 10.715 ms - 43[0m
2025-09-07T06:07:00.422Z [[32minfo[39m]: [0mPOST /api/v1/users/register [32m201[0m 10.990 ms - 43[0m
2025-09-07T09:36:30.608Z [[32minfo[39m]: [0mPOST /api/v1/users/register [32m201[0m 15.270 ms - 43[0m
2025-09-07T09:38:12.626Z [[32minfo[39m]: [0mPOST /api/v1/users/register [32m201[0m 14.899 ms - 43[0m
2025-09-07T09:40:45.624Z [[32minfo[39m]: [0mPOST /api/v1/users/register [32m201[0m 9.302 ms - 43[0m
2025-09-07T09:41:03.030Z [[32minfo[39m]: [0mPOST /api/v1/users/register [32m201[0m 38.790 ms - 43[0m
2025-09-07T09:42:30.750Z [[32minfo[39m]: [0mPOST /api/v1/users/register [32m201[0m 22.685 ms - 43[0m
2025-09-07T09:43:08.133Z [[32minfo[39m]: [0mPOST /api/v1/users/register [32m201[0m 165.234 ms - 43[0m
2025-09-07T09:43:29.093Z [[32minfo[39m]: [0mPOST /api/v1/users/login [33m400[0m 85.601 ms - 115[0m
2025-09-07T09:44:21.375Z [[32minfo[39m]: [0mPOST /api/v1/uploads/login [33m404[0m 5.019 ms - 160[0m
2025-09-07T09:44:46.094Z [[32minfo[39m]: [0mPOST /api/v1/users/login [33m400[0m 0.519 ms - 83[0m
2025-09-07T09:45:24.664Z [[32minfo[39m]: [0mPOST /api/v1/users/login [33m400[0m 69.417 ms - 44[0m
2025-09-07T09:45:33.163Z [[32minfo[39m]: [0mPOST /api/v1/users/login [33m400[0m 70.480 ms - 115[0m
2025-09-07T09:47:43.430Z [[32minfo[39m]: [0mPOST /api/v1/users/login [33m400[0m 208.973 ms - 115[0m
2025-09-07T09:56:44.469Z [[32minfo[39m]: [0mPOST /api/v1/users/login [33m400[0m 187.782 ms - 115[0m
2025-09-07T09:58:15.835Z [[32minfo[39m]: [0mPOST /api/v1/users/login [33m400[0m 192.275 ms - 115[0m
2025-09-07T09:58:57.612Z [[32minfo[39m]: [0mPOST /api/v1/users/login [32m200[0m 199.710 ms - 42[0m
2025-09-07T10:00:08.397Z [[32minfo[39m]: [0mPOST /api/v1/users/login [32m200[0m 189.886 ms - 553[0m
2025-09-07T10:41:18.808Z [[32minfo[39m]: [0mPOST /api/v1/users/register [32m201[0m 77.412 ms - 43[0m
2025-09-07T10:42:06.842Z [[32minfo[39m]: [0mPOST /api/v1/users/register [32m201[0m 18.155 ms - 43[0m
2025-09-07T10:42:21.135Z [[32minfo[39m]: [0mPOST /api/v1/users/register [32m201[0m 155.014 ms - 43[0m
2025-09-07T10:42:29.870Z [[32minfo[39m]: [0mPOST /api/v1/users/login [32m200[0m 185.139 ms - 553[0m
2025-09-07T10:49:11.017Z [[32minfo[39m]: [0mPOST /api/v1/users/register [32m201[0m 150.831 ms - 43[0m
